{"/home/jean/Clone-Testes/Refactor-GildedRose/src/index.js": {"path":"/home/jean/Clone-Testes/Refactor-GildedRose/src/index.js","statementMap":{"0":{"start":{"line":9,"column":12},"end":{"line":9,"column":14}},"1":{"start":{"line":12,"column":23},"end":{"line":12,"column":27}},"2":{"start":{"line":14,"column":12},"end":{"line":17,"column":13}},"3":{"start":{"line":15,"column":16},"end":{"line":15,"column":69}},"4":{"start":{"line":16,"column":16},"end":{"line":16,"column":34}},"5":{"start":{"line":19,"column":12},"end":{"line":22,"column":13}},"6":{"start":{"line":20,"column":16},"end":{"line":20,"column":44}},"7":{"start":{"line":21,"column":16},"end":{"line":21,"column":34}},"8":{"start":{"line":25,"column":12},"end":{"line":28,"column":13}},"9":{"start":{"line":26,"column":16},"end":{"line":26,"column":74}},"10":{"start":{"line":27,"column":16},"end":{"line":27,"column":34}},"11":{"start":{"line":29,"column":12},"end":{"line":32,"column":13}},"12":{"start":{"line":30,"column":16},"end":{"line":30,"column":73}},"13":{"start":{"line":31,"column":16},"end":{"line":31,"column":34}},"14":{"start":{"line":33,"column":12},"end":{"line":35,"column":13}},"15":{"start":{"line":34,"column":16},"end":{"line":34,"column":75}},"16":{"start":{"line":37,"column":12},"end":{"line":37,"column":43}},"17":{"start":{"line":44,"column":8},"end":{"line":47,"column":10}},"18":{"start":{"line":45,"column":12},"end":{"line":45,"column":25}},"19":{"start":{"line":49,"column":8},"end":{"line":49,"column":26}},"20":{"start":{"line":53,"column":8},"end":{"line":53,"column":21}}},"fnMap":{"0":{"name":"(anonymous_0)","decl":{"start":{"line":11,"column":4},"end":{"line":11,"column":5}},"loc":{"start":{"line":11,"column":23},"end":{"line":39,"column":5}},"line":11},"1":{"name":"(anonymous_1)","decl":{"start":{"line":43,"column":4},"end":{"line":43,"column":5}},"loc":{"start":{"line":43,"column":12},"end":{"line":50,"column":5}},"line":43},"2":{"name":"(anonymous_2)","decl":{"start":{"line":44,"column":27},"end":{"line":44,"column":28}},"loc":{"start":{"line":44,"column":36},"end":{"line":47,"column":9}},"line":44},"3":{"name":"(anonymous_3)","decl":{"start":{"line":52,"column":4},"end":{"line":52,"column":5}},"loc":{"start":{"line":52,"column":11},"end":{"line":54,"column":5}},"line":52}},"branchMap":{"0":{"loc":{"start":{"line":14,"column":12},"end":{"line":17,"column":13}},"type":"if","locations":[{"start":{"line":14,"column":12},"end":{"line":17,"column":13}},{"start":{"line":14,"column":12},"end":{"line":17,"column":13}}],"line":14},"1":{"loc":{"start":{"line":19,"column":12},"end":{"line":22,"column":13}},"type":"if","locations":[{"start":{"line":19,"column":12},"end":{"line":22,"column":13}},{"start":{"line":19,"column":12},"end":{"line":22,"column":13}}],"line":19},"2":{"loc":{"start":{"line":25,"column":12},"end":{"line":28,"column":13}},"type":"if","locations":[{"start":{"line":25,"column":12},"end":{"line":28,"column":13}},{"start":{"line":25,"column":12},"end":{"line":28,"column":13}}],"line":25},"3":{"loc":{"start":{"line":29,"column":12},"end":{"line":32,"column":13}},"type":"if","locations":[{"start":{"line":29,"column":12},"end":{"line":32,"column":13}},{"start":{"line":29,"column":12},"end":{"line":32,"column":13}}],"line":29},"4":{"loc":{"start":{"line":33,"column":12},"end":{"line":35,"column":13}},"type":"if","locations":[{"start":{"line":33,"column":12},"end":{"line":35,"column":13}},{"start":{"line":33,"column":12},"end":{"line":35,"column":13}}],"line":33}},"s":{"0":16,"1":17,"2":17,"3":3,"4":3,"5":17,"6":2,"7":2,"8":17,"9":5,"10":5,"11":17,"12":4,"13":4,"14":17,"15":3,"16":17,"17":16,"18":17,"19":16,"20":2},"f":{"0":17,"1":16,"2":17,"3":2},"b":{"0":[3,14],"1":[2,15],"2":[5,12],"3":[4,13],"4":[3,14]},"_coverageSchema":"43e27e138ebf9cfc5966b082cf9a028302ed4184","hash":"ea27c469cac01dd878142491b5523980d70ef846"}
,"/home/jean/Clone-Testes/Refactor-GildedRose/src/products/AgedBrie.js": {"path":"/home/jean/Clone-Testes/Refactor-GildedRose/src/products/AgedBrie.js","statementMap":{"0":{"start":{"line":5,"column":8},"end":{"line":5,"column":34}},"1":{"start":{"line":9,"column":8},"end":{"line":9,"column":23}},"2":{"start":{"line":11,"column":8},"end":{"line":15,"column":9}},"3":{"start":{"line":12,"column":12},"end":{"line":12,"column":26}},"4":{"start":{"line":14,"column":12},"end":{"line":14,"column":27}},"5":{"start":{"line":17,"column":8},"end":{"line":19,"column":9}},"6":{"start":{"line":18,"column":12},"end":{"line":18,"column":27}}},"fnMap":{"0":{"name":"(anonymous_0)","decl":{"start":{"line":4,"column":4},"end":{"line":4,"column":5}},"loc":{"start":{"line":4,"column":36},"end":{"line":6,"column":5}},"line":4},"1":{"name":"(anonymous_1)","decl":{"start":{"line":8,"column":4},"end":{"line":8,"column":5}},"loc":{"start":{"line":8,"column":12},"end":{"line":20,"column":5}},"line":8}},"branchMap":{"0":{"loc":{"start":{"line":11,"column":8},"end":{"line":15,"column":9}},"type":"if","locations":[{"start":{"line":11,"column":8},"end":{"line":15,"column":9}},{"start":{"line":11,"column":8},"end":{"line":15,"column":9}}],"line":11},"1":{"loc":{"start":{"line":17,"column":8},"end":{"line":19,"column":9}},"type":"if","locations":[{"start":{"line":17,"column":8},"end":{"line":19,"column":9}},{"start":{"line":17,"column":8},"end":{"line":19,"column":9}}],"line":17}},"s":{"0":3,"1":3,"2":3,"3":2,"4":1,"5":3,"6":1},"f":{"0":3,"1":3},"b":{"0":[2,1],"1":[1,2]},"_coverageSchema":"43e27e138ebf9cfc5966b082cf9a028302ed4184","hash":"9d6cdf78558c664cfd2387acb8ab507de2d7f5a0"}
,"/home/jean/Clone-Testes/Refactor-GildedRose/src/products/BackstagePass.js": {"path":"/home/jean/Clone-Testes/Refactor-GildedRose/src/products/BackstagePass.js","statementMap":{"0":{"start":{"line":5,"column":8},"end":{"line":5,"column":34}},"1":{"start":{"line":9,"column":8},"end":{"line":9,"column":23}},"2":{"start":{"line":11,"column":8},"end":{"line":14,"column":9}},"3":{"start":{"line":12,"column":12},"end":{"line":12,"column":26}},"4":{"start":{"line":13,"column":12},"end":{"line":13,"column":18}},"5":{"start":{"line":17,"column":8},"end":{"line":21,"column":9}},"6":{"start":{"line":18,"column":12},"end":{"line":18,"column":30}},"7":{"start":{"line":19,"column":12},"end":{"line":19,"column":39}},"8":{"start":{"line":20,"column":12},"end":{"line":20,"column":18}},"9":{"start":{"line":23,"column":8},"end":{"line":27,"column":9}},"10":{"start":{"line":24,"column":11},"end":{"line":24,"column":29}},"11":{"start":{"line":25,"column":11},"end":{"line":25,"column":38}},"12":{"start":{"line":26,"column":11},"end":{"line":26,"column":17}},"13":{"start":{"line":29,"column":8},"end":{"line":33,"column":10}},"14":{"start":{"line":30,"column":12},"end":{"line":30,"column":30}},"15":{"start":{"line":31,"column":12},"end":{"line":31,"column":39}},"16":{"start":{"line":32,"column":12},"end":{"line":32,"column":18}},"17":{"start":{"line":39,"column":8},"end":{"line":42,"column":9}},"18":{"start":{"line":41,"column":12},"end":{"line":41,"column":28}}},"fnMap":{"0":{"name":"(anonymous_0)","decl":{"start":{"line":4,"column":4},"end":{"line":4,"column":5}},"loc":{"start":{"line":4,"column":36},"end":{"line":6,"column":5}},"line":4},"1":{"name":"(anonymous_1)","decl":{"start":{"line":8,"column":4},"end":{"line":8,"column":5}},"loc":{"start":{"line":8,"column":12},"end":{"line":36,"column":5}},"line":8},"2":{"name":"(anonymous_2)","decl":{"start":{"line":38,"column":4},"end":{"line":38,"column":5}},"loc":{"start":{"line":38,"column":26},"end":{"line":43,"column":5}},"line":38}},"branchMap":{"0":{"loc":{"start":{"line":11,"column":8},"end":{"line":14,"column":9}},"type":"if","locations":[{"start":{"line":11,"column":8},"end":{"line":14,"column":9}},{"start":{"line":11,"column":8},"end":{"line":14,"column":9}}],"line":11},"1":{"loc":{"start":{"line":17,"column":8},"end":{"line":21,"column":9}},"type":"if","locations":[{"start":{"line":17,"column":8},"end":{"line":21,"column":9}},{"start":{"line":17,"column":8},"end":{"line":21,"column":9}}],"line":17},"2":{"loc":{"start":{"line":23,"column":8},"end":{"line":27,"column":9}},"type":"if","locations":[{"start":{"line":23,"column":8},"end":{"line":27,"column":9}},{"start":{"line":23,"column":8},"end":{"line":27,"column":9}}],"line":23},"3":{"loc":{"start":{"line":29,"column":8},"end":{"line":33,"column":10}},"type":"if","locations":[{"start":{"line":29,"column":8},"end":{"line":33,"column":10}},{"start":{"line":29,"column":8},"end":{"line":33,"column":10}}],"line":29},"4":{"loc":{"start":{"line":39,"column":8},"end":{"line":42,"column":9}},"type":"if","locations":[{"start":{"line":39,"column":8},"end":{"line":42,"column":9}},{"start":{"line":39,"column":8},"end":{"line":42,"column":9}}],"line":39}},"s":{"0":5,"1":5,"2":5,"3":1,"4":1,"5":4,"6":1,"7":1,"8":1,"9":3,"10":2,"11":2,"12":2,"13":1,"14":1,"15":1,"16":1,"17":4,"18":1},"f":{"0":5,"1":5,"2":4},"b":{"0":[1,4],"1":[1,3],"2":[2,1],"3":[1,0],"4":[1,3]},"_coverageSchema":"43e27e138ebf9cfc5966b082cf9a028302ed4184","hash":"28291e2b8c31585b96c75def5731469ce3e1b643"}
,"/home/jean/Clone-Testes/Refactor-GildedRose/src/products/ConjuredItem.js": {"path":"/home/jean/Clone-Testes/Refactor-GildedRose/src/products/ConjuredItem.js","statementMap":{"0":{"start":{"line":6,"column":8},"end":{"line":6,"column":23}},"1":{"start":{"line":8,"column":8},"end":{"line":12,"column":9}},"2":{"start":{"line":9,"column":12},"end":{"line":9,"column":27}},"3":{"start":{"line":11,"column":12},"end":{"line":11,"column":27}},"4":{"start":{"line":14,"column":8},"end":{"line":16,"column":9}},"5":{"start":{"line":15,"column":12},"end":{"line":15,"column":27}}},"fnMap":{"0":{"name":"(anonymous_0)","decl":{"start":{"line":5,"column":4},"end":{"line":5,"column":5}},"loc":{"start":{"line":5,"column":12},"end":{"line":17,"column":5}},"line":5}},"branchMap":{"0":{"loc":{"start":{"line":8,"column":8},"end":{"line":12,"column":9}},"type":"if","locations":[{"start":{"line":8,"column":8},"end":{"line":12,"column":9}},{"start":{"line":8,"column":8},"end":{"line":12,"column":9}}],"line":8},"1":{"loc":{"start":{"line":14,"column":8},"end":{"line":16,"column":9}},"type":"if","locations":[{"start":{"line":14,"column":8},"end":{"line":16,"column":9}},{"start":{"line":14,"column":8},"end":{"line":16,"column":9}}],"line":14}},"s":{"0":4,"1":4,"2":1,"3":3,"4":4,"5":1},"f":{"0":4},"b":{"0":[1,3],"1":[1,3]},"_coverageSchema":"43e27e138ebf9cfc5966b082cf9a028302ed4184","hash":"50f17755351d130c1238a3380c313398b6b4beac"}
,"/home/jean/Clone-Testes/Refactor-GildedRose/src/products/Item.js": {"path":"/home/jean/Clone-Testes/Refactor-GildedRose/src/products/Item.js","statementMap":{"0":{"start":{"line":3,"column":8},"end":{"line":3,"column":22}},"1":{"start":{"line":4,"column":8},"end":{"line":4,"column":26}},"2":{"start":{"line":5,"column":8},"end":{"line":5,"column":28}}},"fnMap":{"0":{"name":"(anonymous_0)","decl":{"start":{"line":2,"column":4},"end":{"line":2,"column":5}},"loc":{"start":{"line":2,"column":36},"end":{"line":6,"column":5}},"line":2}},"branchMap":{},"s":{"0":34,"1":34,"2":34},"f":{"0":34},"b":{},"_coverageSchema":"43e27e138ebf9cfc5966b082cf9a028302ed4184","hash":"b038636bb5f5bccdadb1fd234033ad7c0d2096fd"}
,"/home/jean/Clone-Testes/Refactor-GildedRose/src/products/Sulfuras.js": {"path":"/home/jean/Clone-Testes/Refactor-GildedRose/src/products/Sulfuras.js","statementMap":{"0":{"start":{"line":5,"column":8},"end":{"line":5,"column":24}},"1":{"start":{"line":9,"column":8},"end":{"line":9,"column":23}}},"fnMap":{"0":{"name":"(anonymous_0)","decl":{"start":{"line":4,"column":4},"end":{"line":4,"column":5}},"loc":{"start":{"line":4,"column":21},"end":{"line":6,"column":5}},"line":4},"1":{"name":"(anonymous_1)","decl":{"start":{"line":8,"column":4},"end":{"line":8,"column":5}},"loc":{"start":{"line":8,"column":12},"end":{"line":10,"column":5}},"line":8}},"branchMap":{},"s":{"0":2,"1":2},"f":{"0":2,"1":2},"b":{},"_coverageSchema":"43e27e138ebf9cfc5966b082cf9a028302ed4184","hash":"9ef6bc25fae90ea016d858b8d840ef09e54ed6a1"}
,"/home/jean/Clone-Testes/Refactor-GildedRose/src/products/standardItem.js": {"path":"/home/jean/Clone-Testes/Refactor-GildedRose/src/products/standardItem.js","statementMap":{"0":{"start":{"line":5,"column":8},"end":{"line":5,"column":25}},"1":{"start":{"line":7,"column":8},"end":{"line":11,"column":9}},"2":{"start":{"line":8,"column":12},"end":{"line":8,"column":29}},"3":{"start":{"line":10,"column":12},"end":{"line":10,"column":28}},"4":{"start":{"line":13,"column":8},"end":{"line":15,"column":9}},"5":{"start":{"line":14,"column":12},"end":{"line":14,"column":27}}},"fnMap":{"0":{"name":"(anonymous_0)","decl":{"start":{"line":4,"column":4},"end":{"line":4,"column":5}},"loc":{"start":{"line":4,"column":13},"end":{"line":17,"column":7}},"line":4}},"branchMap":{"0":{"loc":{"start":{"line":7,"column":8},"end":{"line":11,"column":9}},"type":"if","locations":[{"start":{"line":7,"column":8},"end":{"line":11,"column":9}},{"start":{"line":7,"column":8},"end":{"line":11,"column":9}}],"line":7},"1":{"loc":{"start":{"line":13,"column":8},"end":{"line":15,"column":9}},"type":"if","locations":[{"start":{"line":13,"column":8},"end":{"line":15,"column":9}},{"start":{"line":13,"column":8},"end":{"line":15,"column":9}}],"line":13}},"s":{"0":3,"1":3,"2":1,"3":2,"4":3,"5":1},"f":{"0":3},"b":{"0":[1,2],"1":[1,2]},"_coverageSchema":"43e27e138ebf9cfc5966b082cf9a028302ed4184","hash":"e7e49dc14ee7f0286c65080eba50d9eecbcbc03e"}
}
