TN:
SF:/home/jean/ISIC/Refactor-GlidedRose/src/index.js
FN:11,(anonymous_0)
FN:43,(anonymous_1)
FN:44,(anonymous_2)
FN:52,(anonymous_3)
FNF:4
FNH:4
FNDA:17,(anonymous_0)
FNDA:16,(anonymous_1)
FNDA:17,(anonymous_2)
FNDA:2,(anonymous_3)
DA:9,16
DA:12,17
DA:14,17
DA:15,3
DA:16,3
DA:19,17
DA:20,2
DA:21,2
DA:25,17
DA:26,5
DA:27,5
DA:29,17
DA:30,4
DA:31,4
DA:33,17
DA:34,3
DA:37,17
DA:44,16
DA:45,17
DA:49,16
DA:53,2
LF:21
LH:21
BRDA:14,0,0,3
BRDA:14,0,1,14
BRDA:19,1,0,2
BRDA:19,1,1,15
BRDA:25,2,0,5
BRDA:25,2,1,12
BRDA:29,3,0,4
BRDA:29,3,1,13
BRDA:33,4,0,3
BRDA:33,4,1,14
BRF:10
BRH:10
end_of_record
TN:
SF:/home/jean/ISIC/Refactor-GlidedRose/src/products/AgedBrie.js
FN:4,(anonymous_0)
FN:8,(anonymous_1)
FNF:2
FNH:2
FNDA:3,(anonymous_0)
FNDA:3,(anonymous_1)
DA:5,3
DA:9,3
DA:11,3
DA:12,2
DA:14,1
DA:17,3
DA:18,1
LF:7
LH:7
BRDA:11,0,0,2
BRDA:11,0,1,1
BRDA:17,1,0,1
BRDA:17,1,1,2
BRF:4
BRH:4
end_of_record
TN:
SF:/home/jean/ISIC/Refactor-GlidedRose/src/products/BackstagePass.js
FN:4,(anonymous_0)
FN:8,(anonymous_1)
FN:38,(anonymous_2)
FNF:3
FNH:3
FNDA:5,(anonymous_0)
FNDA:5,(anonymous_1)
FNDA:4,(anonymous_2)
DA:5,5
DA:9,5
DA:11,5
DA:12,1
DA:13,1
DA:17,4
DA:18,1
DA:19,1
DA:20,1
DA:23,3
DA:24,2
DA:25,2
DA:26,2
DA:29,1
DA:30,1
DA:31,1
DA:32,1
DA:39,4
DA:40,1
LF:19
LH:19
BRDA:11,0,0,1
BRDA:11,0,1,4
BRDA:17,1,0,1
BRDA:17,1,1,3
BRDA:23,2,0,2
BRDA:23,2,1,1
BRDA:29,3,0,1
BRDA:29,3,1,0
BRDA:39,4,0,1
BRDA:39,4,1,3
BRF:10
BRH:9
end_of_record
TN:
SF:/home/jean/ISIC/Refactor-GlidedRose/src/products/ConjuredItem.js
FN:5,(anonymous_0)
FNF:1
FNH:1
FNDA:4,(anonymous_0)
DA:6,4
DA:8,4
DA:9,1
DA:11,3
DA:14,4
DA:15,1
LF:6
LH:6
BRDA:8,0,0,1
BRDA:8,0,1,3
BRDA:14,1,0,1
BRDA:14,1,1,3
BRF:4
BRH:4
end_of_record
TN:
SF:/home/jean/ISIC/Refactor-GlidedRose/src/products/Item.js
FN:2,(anonymous_0)
FNF:1
FNH:1
FNDA:34,(anonymous_0)
DA:3,34
DA:4,34
DA:5,34
LF:3
LH:3
BRF:0
BRH:0
end_of_record
TN:
SF:/home/jean/ISIC/Refactor-GlidedRose/src/products/Sulfuras.js
FN:4,(anonymous_0)
FN:8,(anonymous_1)
FNF:2
FNH:2
FNDA:2,(anonymous_0)
FNDA:2,(anonymous_1)
DA:5,2
DA:9,2
LF:2
LH:2
BRF:0
BRH:0
end_of_record
TN:
SF:/home/jean/ISIC/Refactor-GlidedRose/src/products/standardItem.js
FN:4,(anonymous_0)
FNF:1
FNH:1
FNDA:3,(anonymous_0)
DA:5,3
DA:7,3
DA:8,1
DA:10,2
DA:13,3
DA:14,1
LF:6
LH:6
BRDA:7,0,0,1
BRDA:7,0,1,2
BRDA:13,1,0,1
BRDA:13,1,1,2
BRF:4
BRH:4
end_of_record
